<?xml version="1.0" encoding="UTF-8"?>
<testng-results skipped="0" failed="0" total="1" passed="1">
  <reporter-output>
  </reporter-output>
  <suite name="Suite" duration-ms="27" started-at="2020-04-16T08:09:00Z" finished-at="2020-04-16T08:09:00Z">
    <groups>
    </groups>
    <test name="Test" duration-ms="27" started-at="2020-04-16T08:09:00Z" finished-at="2020-04-16T08:09:00Z">
      <class name="demo.Test1">
        <test-method status="PASS" signature="f()[pri:0, instance:demo.Test1@548a9f61]" name="f" duration-ms="10" started-at="2020-04-16T13:39:00Z" finished-at="2020-04-16T13:39:00Z">
          <reporter-output>
          </reporter-output>
        </test-method> <!-- f -->
      </class> <!-- demo.Test1 -->
    </test> <!-- Test -->
  </suite> <!-- Suite -->
</testng-results>
